<?xml version="1.0" encoding="UTF-8"?>
<testng-results skipped="0" failed="1" ignored="0" total="2" passed="1">
  <reporter-output>
  </reporter-output>
  <suite name="Default suite" duration-ms="18994" started-at="2019-07-24T14:02:34Z" finished-at="2019-07-24T14:02:53Z">
    <groups>
    </groups>
    <test name="Default test" duration-ms="18994" started-at="2019-07-24T14:02:34Z" finished-at="2019-07-24T14:02:53Z">
      <class name="com.orangeHRM.testcasescripts.LoginpageTest">
        <test-method status="PASS" signature="setup()[pri:0, instance:com.orangeHRM.testcasescripts.LoginpageTest@4d3167f4]" name="setup" is-config="true" duration-ms="18201" started-at="2019-07-24T14:02:34Z" finished-at="2019-07-24T14:02:52Z">
          <reporter-output>
          </reporter-output>
        </test-method> <!-- setup -->
        <test-method status="PASS" signature="loginpagetitletest()[pri:1, instance:com.orangeHRM.testcasescripts.LoginpageTest@4d3167f4]" name="loginpagetitletest" duration-ms="75" started-at="2019-07-24T14:02:52Z" finished-at="2019-07-24T14:02:52Z">
          <reporter-output>
          </reporter-output>
        </test-method> <!-- loginpagetitletest -->
        <test-method status="FAIL" signature="LoginpageTest()[pri:2, instance:com.orangeHRM.testcasescripts.LoginpageTest@4d3167f4]" name="LoginpageTest" duration-ms="665" started-at="2019-07-24T14:02:52Z" finished-at="2019-07-24T14:02:53Z">
          <exception class="java.io.FileNotFoundException">
            <message>
              <![CDATA[F:\Selenium1030amSRNAGAR\OHRMS\screenshots\loginpageimg2019_Jul_24 07_32_52.png (The system cannot find the path specified)]]>
            </message>
            <full-stacktrace>
              <![CDATA[java.io.FileNotFoundException: F:\Selenium1030amSRNAGAR\OHRMS\screenshots\loginpageimg2019_Jul_24 07_32_52.png (The system cannot find the path specified)
at java.io.FileOutputStream.open0(Native Method)
at java.io.FileOutputStream.open(Unknown Source)
at java.io.FileOutputStream.<init>(Unknown Source)
at java.io.FileOutputStream.<init>(Unknown Source)
at org.openqa.selenium.io.FileHandler.copyFile(FileHandler.java:138)
at org.openqa.selenium.io.FileHandler.copy(FileHandler.java:117)
at com.orangeHRM.pages.Baseclass.takescreenshot(Baseclass.java:72)
at com.orangeHRM.testcasescripts.LoginpageTest.LoginpageTest(LoginpageTest.java:41)
at sun.reflect.NativeMethodAccessorImpl.invoke0(Native Method)
at sun.reflect.NativeMethodAccessorImpl.invoke(Unknown Source)
at sun.reflect.DelegatingMethodAccessorImpl.invoke(Unknown Source)
at java.lang.reflect.Method.invoke(Unknown Source)
at org.testng.internal.MethodInvocationHelper.invokeMethod(MethodInvocationHelper.java:124)
at org.testng.internal.Invoker.invokeMethod(Invoker.java:583)
at org.testng.internal.Invoker.invokeTestMethod(Invoker.java:719)
at org.testng.internal.Invoker.invokeTestMethods(Invoker.java:989)
at org.testng.internal.TestMethodWorker.invokeTestMethods(TestMethodWorker.java:125)
at org.testng.internal.TestMethodWorker.run(TestMethodWorker.java:109)
at org.testng.TestRunner.privateRun(TestRunner.java:648)
at org.testng.TestRunner.run(TestRunner.java:505)
at org.testng.SuiteRunner.runTest(SuiteRunner.java:455)
at org.testng.SuiteRunner.runSequentially(SuiteRunner.java:450)
at org.testng.SuiteRunner.privateRun(SuiteRunner.java:415)
at org.testng.SuiteRunner.run(SuiteRunner.java:364)
at org.testng.SuiteRunnerWorker.runSuite(SuiteRunnerWorker.java:52)
at org.testng.SuiteRunnerWorker.run(SuiteRunnerWorker.java:84)
at org.testng.TestNG.runSuitesSequentially(TestNG.java:1208)
at org.testng.TestNG.runSuitesLocally(TestNG.java:1137)
at org.testng.TestNG.runSuites(TestNG.java:1049)
at org.testng.TestNG.run(TestNG.java:1017)
at org.testng.remote.AbstractRemoteTestNG.run(AbstractRemoteTestNG.java:115)
at org.testng.remote.RemoteTestNG.initAndRun(RemoteTestNG.java:251)
at org.testng.remote.RemoteTestNG.main(RemoteTestNG.java:77)
]]>
            </full-stacktrace>
          </exception> <!-- java.io.FileNotFoundException -->
          <reporter-output>
          </reporter-output>
        </test-method> <!-- LoginpageTest -->
        <test-method status="PASS" signature="teardown()[pri:0, instance:com.orangeHRM.testcasescripts.LoginpageTest@4d3167f4]" name="teardown" is-config="true" duration-ms="0" started-at="2019-07-24T14:02:53Z" finished-at="2019-07-24T14:02:53Z">
          <reporter-output>
          </reporter-output>
        </test-method> <!-- teardown -->
      </class> <!-- com.orangeHRM.testcasescripts.LoginpageTest -->
    </test> <!-- Default test -->
  </suite> <!-- Default suite -->
</testng-results>
